<!DOCTYPE html PUBLIC "-//W3C//DTD XHTML 1.1//EN" "http://www.w3.org/TR/xhtml11/DTD/xhtml11.dtd">
<html xmlns="http://www.w3.org/1999/xhtml">
<head>
<meta http-equiv="content-type" content="text/html; charset=UTF-8"/>
<title>TestNG Report</title>
<style type="text/css">table {margin-bottom:10px;border-collapse:collapse;empty-cells:show}th,td {border:1px solid #009;padding:.25em .5em}th {vertical-align:bottom}td {vertical-align:top}table a {font-weight:bold}.stripe td {background-color: #E6EBF9}.num {text-align:right}.passedodd td {background-color: #3F3}.passedeven td {background-color: #0A0}.skippedodd td {background-color: #DDD}.skippedeven td {background-color: #CCC}.failedodd td,.attn {background-color: #F33}.failedeven td,.stripe .attn {background-color: #D00}.stacktrace {white-space:pre;font-family:monospace}.totop {font-size:85%;text-align:center;border-bottom:2px solid #000}.invisible {display:none}</style>
</head>
<body>
<table>
<tr><th>Test</th><th># Passed</th><th># Skipped</th><th># Failed</th><th>Time (ms)</th><th>Included Groups</th><th>Excluded Groups</th></tr>
<tr><th colspan="7">Suite</th></tr>
<tr><td><a href="#t0">TestChrome</a></td><td class="num">4</td><td class="num">0</td><td class="num attn">1</td><td class="num">12,972</td><td></td><td></td></tr>
<tr class="stripe"><td><a href="#t1">Test Edge</a></td><td class="num">4</td><td class="num">0</td><td class="num attn">1</td><td class="num">6,171</td><td></td><td></td></tr>
<tr><th>Total</th><th class="num">8</th><th class="num">0</th><th class="num attn">2</th><th class="num">19,143</th><th colspan="2"></th></tr>
</table>
<table id='summary'><thead><tr><th>Class</th><th>Method</th><th>Start</th><th>Time (ms)</th></tr></thead><tbody><tr><th colspan="4">Suite</th></tr></tbody><tbody id="t0"><tr><th colspan="4">TestChrome &#8212; failed</th></tr><tr class="failedeven"><td rowspan="1">demo.LinkedValidation</td><td><a href="#m0">verifySeachButton</a></td><td rowspan="1">1541617718368</td><td rowspan="1">44</td></tr><tr><th colspan="4">TestChrome &#8212; passed</th></tr><tr class="passedeven"><td rowspan="4">demo.LinkedValidation</td><td><a href="#m1">verifySingInButtonAnable</a></td><td rowspan="1">1541617718340</td><td rowspan="1">24</td></tr><tr class="passedeven"><td><a href="#m2">verifySingInButtonVisibility</a></td><td rowspan="1">1541617718296</td><td rowspan="1">44</td></tr><tr class="passedeven"><td><a href="#m3">verifyText</a></td><td rowspan="1">1541617718216</td><td rowspan="1">76</td></tr><tr class="passedeven"><td><a href="#m4">verifyTitle</a></td><td rowspan="1">1541617718172</td><td rowspan="1">36</td></tr></tbody>
<tbody id="t1"><tr><th colspan="4">Test Edge &#8212; failed</th></tr><tr class="failedeven"><td rowspan="1">demo.LinkedValidation</td><td><a href="#m5">verifySeachButton</a></td><td rowspan="1">1541617726419</td><td rowspan="1">12</td></tr><tr><th colspan="4">Test Edge &#8212; passed</th></tr><tr class="passedeven"><td rowspan="4">demo.LinkedValidation</td><td><a href="#m6">verifySingInButtonAnable</a></td><td rowspan="1">1541617726411</td><td rowspan="1">8</td></tr><tr class="passedeven"><td><a href="#m7">verifySingInButtonVisibility</a></td><td rowspan="1">1541617726391</td><td rowspan="1">16</td></tr><tr class="passedeven"><td><a href="#m8">verifyText</a></td><td rowspan="1">1541617726359</td><td rowspan="1">32</td></tr><tr class="passedeven"><td><a href="#m9">verifyTitle</a></td><td rowspan="1">1541617726283</td><td rowspan="1">76</td></tr></tbody>
</table>
<h2>TestChrome</h2><h3 id="m0">demo.LinkedValidation#verifySeachButton</h3><table class="result"><tr><th>Exception</th></tr><tr><td><div class="stacktrace">java.lang.AssertionError: expected [true] but found [false]
	at demo.LinkedValidation.verifySeachButton(LinkedValidation.java:63)
... Removed 29 stack frames</div></td></tr></table><p class="totop"><a href="#summary">back to summary</a></p>
<h3 id="m1">demo.LinkedValidation#verifySingInButtonAnable</h3><table class="result"><tr><th class="invisible"/></tr></table><p class="totop"><a href="#summary">back to summary</a></p>
<h3 id="m2">demo.LinkedValidation#verifySingInButtonVisibility</h3><table class="result"><tr><th class="invisible"/></tr></table><p class="totop"><a href="#summary">back to summary</a></p>
<h3 id="m3">demo.LinkedValidation#verifyText</h3><table class="result"><tr><th class="invisible"/></tr></table><p class="totop"><a href="#summary">back to summary</a></p>
<h3 id="m4">demo.LinkedValidation#verifyTitle</h3><table class="result"><tr><th class="invisible"/></tr></table><p class="totop"><a href="#summary">back to summary</a></p>
<h2>Test Edge</h2><h3 id="m5">demo.LinkedValidation#verifySeachButton</h3><table class="result"><tr><th>Exception</th></tr><tr><td><div class="stacktrace">java.lang.AssertionError: expected [true] but found [false]
	at demo.LinkedValidation.verifySeachButton(LinkedValidation.java:63)
... Removed 29 stack frames</div></td></tr></table><p class="totop"><a href="#summary">back to summary</a></p>
<h3 id="m6">demo.LinkedValidation#verifySingInButtonAnable</h3><table class="result"><tr><th class="invisible"/></tr></table><p class="totop"><a href="#summary">back to summary</a></p>
<h3 id="m7">demo.LinkedValidation#verifySingInButtonVisibility</h3><table class="result"><tr><th class="invisible"/></tr></table><p class="totop"><a href="#summary">back to summary</a></p>
<h3 id="m8">demo.LinkedValidation#verifyText</h3><table class="result"><tr><th class="invisible"/></tr></table><p class="totop"><a href="#summary">back to summary</a></p>
<h3 id="m9">demo.LinkedValidation#verifyTitle</h3><table class="result"><tr><th class="invisible"/></tr></table><p class="totop"><a href="#summary">back to summary</a></p>
</body>
</html>
