<?xml version="1.0" encoding="UTF-8"?>
<testng-results skipped="0" failed="2" ignored="0" total="10" passed="8">
  <reporter-output>
  </reporter-output>
  <suite name="Suite" duration-ms="19243" started-at="2018-11-07T19:08:30Z" finished-at="2018-11-07T19:08:50Z">
    <groups>
    </groups>
    <test name="TestChrome" duration-ms="12972" started-at="2018-11-07T19:08:30Z" finished-at="2018-11-07T19:08:43Z">
      <class name="demo.LinkedValidation">
        <test-method status="PASS" signature="openBrowser(java.lang.String)[pri:0, instance:demo.LinkedValidation@29ee9faa]" name="openBrowser" is-config="true" duration-ms="7338" started-at="2018-11-07T19:08:30Z" finished-at="2018-11-07T19:08:38Z">
          <params>
            <param index="0">
              <value>
                <![CDATA[Chrome]]>
              </value>
            </param>
          </params>
          <reporter-output>
          </reporter-output>
        </test-method> <!-- openBrowser -->
        <test-method status="PASS" signature="verifyTitle()[pri:0, instance:demo.LinkedValidation@29ee9faa]" name="verifyTitle" duration-ms="36" started-at="2018-11-07T19:08:38Z" finished-at="2018-11-07T19:08:38Z">
          <reporter-output>
          </reporter-output>
        </test-method> <!-- verifyTitle -->
        <test-method status="PASS" signature="verifyText()[pri:1, instance:demo.LinkedValidation@29ee9faa]" name="verifyText" duration-ms="76" started-at="2018-11-07T19:08:38Z" finished-at="2018-11-07T19:08:38Z">
          <reporter-output>
          </reporter-output>
        </test-method> <!-- verifyText -->
        <test-method status="PASS" signature="verifySingInButtonVisibility()[pri:2, instance:demo.LinkedValidation@29ee9faa]" name="verifySingInButtonVisibility" duration-ms="44" started-at="2018-11-07T19:08:38Z" finished-at="2018-11-07T19:08:38Z">
          <reporter-output>
          </reporter-output>
        </test-method> <!-- verifySingInButtonVisibility -->
        <test-method status="PASS" signature="verifySingInButtonAnable()[pri:3, instance:demo.LinkedValidation@29ee9faa]" name="verifySingInButtonAnable" duration-ms="24" started-at="2018-11-07T19:08:38Z" finished-at="2018-11-07T19:08:38Z">
          <reporter-output>
          </reporter-output>
        </test-method> <!-- verifySingInButtonAnable -->
        <test-method status="FAIL" signature="verifySeachButton()[pri:4, instance:demo.LinkedValidation@29ee9faa]" name="verifySeachButton" duration-ms="44" started-at="2018-11-07T19:08:38Z" finished-at="2018-11-07T19:08:38Z">
          <exception class="java.lang.AssertionError">
            <message>
              <![CDATA[expected [true] but found [false]]]>
            </message>
            <full-stacktrace>
              <![CDATA[java.lang.AssertionError: expected [true] but found [false]
at org.testng.Assert.fail(Assert.java:96)
at org.testng.Assert.failNotEquals(Assert.java:776)
at org.testng.Assert.assertTrue(Assert.java:44)
at org.testng.Assert.assertTrue(Assert.java:54)
at demo.LinkedValidation.verifySeachButton(LinkedValidation.java:63)
at sun.reflect.NativeMethodAccessorImpl.invoke0(Native Method)
at sun.reflect.NativeMethodAccessorImpl.invoke(NativeMethodAccessorImpl.java:62)
at sun.reflect.DelegatingMethodAccessorImpl.invoke(DelegatingMethodAccessorImpl.java:43)
at java.lang.reflect.Method.invoke(Method.java:498)
at org.testng.internal.MethodInvocationHelper.invokeMethod(MethodInvocationHelper.java:124)
at org.testng.internal.Invoker.invokeMethod(Invoker.java:580)
at org.testng.internal.Invoker.invokeTestMethod(Invoker.java:716)
at org.testng.internal.Invoker.invokeTestMethods(Invoker.java:988)
at org.testng.internal.TestMethodWorker.invokeTestMethods(TestMethodWorker.java:125)
at org.testng.internal.TestMethodWorker.run(TestMethodWorker.java:109)
at org.testng.TestRunner.privateRun(TestRunner.java:648)
at org.testng.TestRunner.run(TestRunner.java:505)
at org.testng.SuiteRunner.runTest(SuiteRunner.java:455)
at org.testng.SuiteRunner.runSequentially(SuiteRunner.java:450)
at org.testng.SuiteRunner.privateRun(SuiteRunner.java:415)
at org.testng.SuiteRunner.run(SuiteRunner.java:364)
at org.testng.SuiteRunnerWorker.runSuite(SuiteRunnerWorker.java:52)
at org.testng.SuiteRunnerWorker.run(SuiteRunnerWorker.java:84)
at org.testng.TestNG.runSuitesSequentially(TestNG.java:1208)
at org.testng.TestNG.runSuitesLocally(TestNG.java:1137)
at org.testng.TestNG.runSuites(TestNG.java:1049)
at org.testng.TestNG.run(TestNG.java:1017)
at org.testng.remote.AbstractRemoteTestNG.run(AbstractRemoteTestNG.java:114)
at org.testng.remote.RemoteTestNG.initAndRun(RemoteTestNG.java:251)
at org.testng.remote.RemoteTestNG.main(RemoteTestNG.java:77)
]]>
            </full-stacktrace>
          </exception> <!-- java.lang.AssertionError -->
          <reporter-output>
          </reporter-output>
        </test-method> <!-- verifySeachButton -->
        <test-method status="PASS" signature="closeBrowser()[pri:0, instance:demo.LinkedValidation@29ee9faa]" name="closeBrowser" is-config="true" duration-ms="5342" started-at="2018-11-07T19:08:38Z" finished-at="2018-11-07T19:08:43Z">
          <reporter-output>
          </reporter-output>
        </test-method> <!-- closeBrowser -->
      </class> <!-- demo.LinkedValidation -->
    </test> <!-- TestChrome -->
    <test name="Test Edge" duration-ms="6171" started-at="2018-11-07T19:08:43Z" finished-at="2018-11-07T19:08:50Z">
      <class name="demo.LinkedValidation">
        <test-method status="PASS" signature="openBrowser(java.lang.String)[pri:0, instance:demo.LinkedValidation@5c3bd550]" name="openBrowser" is-config="true" duration-ms="2425" started-at="2018-11-07T19:08:43Z" finished-at="2018-11-07T19:08:46Z">
          <params>
            <param index="0">
              <value>
                <![CDATA[Edge]]>
              </value>
            </param>
          </params>
          <reporter-output>
          </reporter-output>
        </test-method> <!-- openBrowser -->
        <test-method status="PASS" signature="verifyTitle()[pri:0, instance:demo.LinkedValidation@5c3bd550]" name="verifyTitle" duration-ms="76" started-at="2018-11-07T19:08:46Z" finished-at="2018-11-07T19:08:46Z">
          <reporter-output>
          </reporter-output>
        </test-method> <!-- verifyTitle -->
        <test-method status="PASS" signature="verifyText()[pri:1, instance:demo.LinkedValidation@5c3bd550]" name="verifyText" duration-ms="32" started-at="2018-11-07T19:08:46Z" finished-at="2018-11-07T19:08:46Z">
          <reporter-output>
          </reporter-output>
        </test-method> <!-- verifyText -->
        <test-method status="PASS" signature="verifySingInButtonVisibility()[pri:2, instance:demo.LinkedValidation@5c3bd550]" name="verifySingInButtonVisibility" duration-ms="16" started-at="2018-11-07T19:08:46Z" finished-at="2018-11-07T19:08:46Z">
          <reporter-output>
          </reporter-output>
        </test-method> <!-- verifySingInButtonVisibility -->
        <test-method status="PASS" signature="verifySingInButtonAnable()[pri:3, instance:demo.LinkedValidation@5c3bd550]" name="verifySingInButtonAnable" duration-ms="8" started-at="2018-11-07T19:08:46Z" finished-at="2018-11-07T19:08:46Z">
          <reporter-output>
          </reporter-output>
        </test-method> <!-- verifySingInButtonAnable -->
        <test-method status="FAIL" signature="verifySeachButton()[pri:4, instance:demo.LinkedValidation@5c3bd550]" name="verifySeachButton" duration-ms="12" started-at="2018-11-07T19:08:46Z" finished-at="2018-11-07T19:08:46Z">
          <exception class="java.lang.AssertionError">
            <message>
              <![CDATA[expected [true] but found [false]]]>
            </message>
            <full-stacktrace>
              <![CDATA[java.lang.AssertionError: expected [true] but found [false]
at org.testng.Assert.fail(Assert.java:96)
at org.testng.Assert.failNotEquals(Assert.java:776)
at org.testng.Assert.assertTrue(Assert.java:44)
at org.testng.Assert.assertTrue(Assert.java:54)
at demo.LinkedValidation.verifySeachButton(LinkedValidation.java:63)
at sun.reflect.NativeMethodAccessorImpl.invoke0(Native Method)
at sun.reflect.NativeMethodAccessorImpl.invoke(NativeMethodAccessorImpl.java:62)
at sun.reflect.DelegatingMethodAccessorImpl.invoke(DelegatingMethodAccessorImpl.java:43)
at java.lang.reflect.Method.invoke(Method.java:498)
at org.testng.internal.MethodInvocationHelper.invokeMethod(MethodInvocationHelper.java:124)
at org.testng.internal.Invoker.invokeMethod(Invoker.java:580)
at org.testng.internal.Invoker.invokeTestMethod(Invoker.java:716)
at org.testng.internal.Invoker.invokeTestMethods(Invoker.java:988)
at org.testng.internal.TestMethodWorker.invokeTestMethods(TestMethodWorker.java:125)
at org.testng.internal.TestMethodWorker.run(TestMethodWorker.java:109)
at org.testng.TestRunner.privateRun(TestRunner.java:648)
at org.testng.TestRunner.run(TestRunner.java:505)
at org.testng.SuiteRunner.runTest(SuiteRunner.java:455)
at org.testng.SuiteRunner.runSequentially(SuiteRunner.java:450)
at org.testng.SuiteRunner.privateRun(SuiteRunner.java:415)
at org.testng.SuiteRunner.run(SuiteRunner.java:364)
at org.testng.SuiteRunnerWorker.runSuite(SuiteRunnerWorker.java:52)
at org.testng.SuiteRunnerWorker.run(SuiteRunnerWorker.java:84)
at org.testng.TestNG.runSuitesSequentially(TestNG.java:1208)
at org.testng.TestNG.runSuitesLocally(TestNG.java:1137)
at org.testng.TestNG.runSuites(TestNG.java:1049)
at org.testng.TestNG.run(TestNG.java:1017)
at org.testng.remote.AbstractRemoteTestNG.run(AbstractRemoteTestNG.java:114)
at org.testng.remote.RemoteTestNG.initAndRun(RemoteTestNG.java:251)
at org.testng.remote.RemoteTestNG.main(RemoteTestNG.java:77)
]]>
            </full-stacktrace>
          </exception> <!-- java.lang.AssertionError -->
          <reporter-output>
          </reporter-output>
        </test-method> <!-- verifySeachButton -->
        <test-method status="PASS" signature="closeBrowser()[pri:0, instance:demo.LinkedValidation@5c3bd550]" name="closeBrowser" is-config="true" duration-ms="3598" started-at="2018-11-07T19:08:46Z" finished-at="2018-11-07T19:08:50Z">
          <reporter-output>
          </reporter-output>
        </test-method> <!-- closeBrowser -->
      </class> <!-- demo.LinkedValidation -->
    </test> <!-- Test Edge -->
  </suite> <!-- Suite -->
</testng-results>
