<?xml version="1.0" encoding="UTF-8"?>
<!-- Generated by org.testng.reporters.JUnitXMLReporter -->
<testsuite hostname="DESKTOP-EBJ4M8C" ignored="0" name="TestChrome" tests="5" failures="1" timestamp="07 Nov 2018 19:08:43 GMT" time="12.972" errors="0">
  <testcase name="verifyTitle" time="0.036" classname="demo.LinkedValidation"/>
  <testcase name="verifyText" time="0.076" classname="demo.LinkedValidation"/>
  <testcase name="verifySingInButtonVisibility" time="0.044" classname="demo.LinkedValidation"/>
  <testcase name="verifySingInButtonAnable" time="0.024" classname="demo.LinkedValidation"/>
  <testcase name="verifySeachButton" time="0.044" classname="demo.LinkedValidation">
    <failure type="java.lang.AssertionError" message="expected [true] but found [false]">
      <![CDATA[java.lang.AssertionError: expected [true] but found [false]
at demo.LinkedValidation.verifySeachButton(LinkedValidation.java:63)
... Removed 29 stack frames]]>
    </failure>
  </testcase> <!-- verifySeachButton -->
</testsuite> <!-- TestChrome -->
